#
# A fatal error has been detected by the Java Runtime Environment:
#
#  Internal Error (classFileParser.cpp:3494), pid=3852, tid=1064
#  Error: ShouldNotReachHere()
#
# JRE version: 6.0_26-b03
# Java VM: Java HotSpot(TM) Client VM (20.1-b02 mixed mode windows-x86 )
# If you would like to submit a bug report, please visit:
#   http://java.sun.com/webapps/bugreport/crash.jsp
#

---------------  T H R E A D  ---------------

Current thread (0x02509800):  JavaThread "Unknown thread" [_thread_in_vm, id=1064, stack(0x00350000,0x003a0000)]

Stack: [0x00350000,0x003a0000],  sp=0x0039f86c,  free space=318k
Native frames: (J=compiled Java code, j=interpreted, Vv=VM code, C=native code)
V  [jvm.dll+0x13379a]
V  [jvm.dll+0x12e6fb]
V  [jvm.dll+0x163fe]
V  [jvm.dll+0x17c1f]
V  [jvm.dll+0x26cc5]
V  [jvm.dll+0x27506]
V  [jvm.dll+0x278b5]
V  [jvm.dll+0x27949]
V  [jvm.dll+0x27a0c]
V  [jvm.dll+0x27a8a]
V  [jvm.dll+0x27b6d]
V  [jvm.dll+0x27e39]
V  [jvm.dll+0x6c523]
V  [jvm.dll+0x6c8fc]
V  [jvm.dll+0xf9d5c]
V  [jvm.dll+0x11864b]
V  [jvm.dll+0x9ec30]
C  [javaw.exe+0x1657]
C  [javaw.exe+0x1e2c]
C  [javaw.exe+0x8644]
C  [kernel32.dll+0x13677]  BaseThreadInitThunk+0x12
C  [ntdll.dll+0x39f02]  RtlInitializeExceptionChain+0x63
C  [ntdll.dll+0x39ed5]  RtlInitializeExceptionChain+0x36


---------------  P R O C E S S  ---------------

Java Threads: ( => current thread )

Other Threads:

=>0x02509800 (exited) JavaThread "Unknown thread" [_thread_in_vm, id=1064, stack(0x00350000,0x003a0000)]

VM state:not at safepoint (not fully initialized)

VM Mutex/Monitor currently owned by a thread: None

Dynamic libraries:
0x00400000 - 0x00424000 	C:\Program Files (x86)\Java\jre6\bin\javaw.exe
0x77a10000 - 0x77b90000 	C:\Windows\SysWOW64\ntdll.dll
0x76960000 - 0x76a60000 	C:\Windows\syswow64\kernel32.dll
0x76330000 - 0x76376000 	C:\Windows\syswow64\KERNELBASE.dll
0x75430000 - 0x75464000 	C:\Program Files\AVAST Software\Avast\snxhk.dll
0x10000000 - 0x10047000 	C:\Windows\system32\guard32.dll
0x76c00000 - 0x76d00000 	C:\Windows\syswow64\USER32.dll
0x76ea0000 - 0x76f30000 	C:\Windows\syswow64\GDI32.dll
0x779e0000 - 0x779ea000 	C:\Windows\syswow64\LPK.dll
0x76a60000 - 0x76afd000 	C:\Windows\syswow64\USP10.dll
0x76380000 - 0x7642c000 	C:\Windows\syswow64\msvcrt.dll
0x77110000 - 0x771b0000 	C:\Windows\syswow64\ADVAPI32.dll
0x77040000 - 0x77059000 	C:\Windows\SysWOW64\sechost.dll
0x76b10000 - 0x76c00000 	C:\Windows\syswow64\RPCRT4.dll
0x75580000 - 0x755e0000 	C:\Windows\syswow64\SspiCli.dll
0x75570000 - 0x7557c000 	C:\Windows\syswow64\CRYPTBASE.dll
0x75420000 - 0x75429000 	C:\Windows\system32\VERSION.dll
0x767a0000 - 0x76800000 	C:\Windows\system32\IMM32.DLL
0x76460000 - 0x7652c000 	C:\Windows\syswow64\MSCTF.dll
0x753d0000 - 0x753d7000 	C:\Windows\system32\fltlib.dll
0x7c340000 - 0x7c396000 	C:\Program Files (x86)\Java\jre6\bin\msvcr71.dll
0x6d7f0000 - 0x6da9f000 	C:\Program Files (x86)\Java\jre6\bin\client\jvm.dll
0x72150000 - 0x72182000 	C:\Windows\system32\WINMM.dll
0x705e0000 - 0x7062b000 	C:\Windows\system32\apphelp.dll
0x6d7a0000 - 0x6d7ac000 	C:\Program Files (x86)\Java\jre6\bin\verify.dll
0x6d320000 - 0x6d33f000 	C:\Program Files (x86)\Java\jre6\bin\java.dll
0x772f0000 - 0x772f5000 	C:\Windows\system32\PSAPI.DLL
0x6d7e0000 - 0x6d7ef000 	C:\Program Files (x86)\Java\jre6\bin\zip.dll

VM Arguments:
jvm_args: -Dfile.encoding=Cp1250 -Xbootclasspath:C:\Program Files (x86)\Android\android-sdk\platforms\android-10\android.jar 
java_command: druid.math.wrapper.AndroidMathWrapperTest
Launcher Type: SUN_STANDARD

Environment Variables:
CLASSPATH=.;C:\Program Files (x86)\Java\jre6\lib\ext\QTJava.zip
PATH=C:/Program Files (x86)/Java/jre6/bin/client;C:/Program Files (x86)/Java/jre6/bin;C:\Program Files (x86)\AMD APP\bin\x86_64;C:\Program Files (x86)\AMD APP\bin\x86;C:\Program Files\ImageMagick-6.6.7-Q16;C:\Program Files (x86)\ImageMagick-6.6.7-Q8;C:\Program Files (x86)\MiKTeX 2.8\miktex\bin;C:\Program Files (x86)\NVIDIA Corporation\PhysX\Common;C:\Windows\system32;C:\Windows;C:\Windows\System32\Wbem;C:\Windows\System32\WindowsPowerShell\v1.0\;C:\Program Files\Dell\Dell Wireless WLAN Card;c:\Program Files\WIDCOMM\Bluetooth Software\;c:\Program Files\WIDCOMM\Bluetooth Software\syswow64;c:\Program Files (x86)\ATI Technologies\ATI.ACE\Core-Static;c:\Program Files (x86)\Common Files\Roxio Shared\DLLShared\;c:\altera\11.0\quartus\bin;c:\Program Files (x86)\Microsoft SQL Server\90\Tools\binn\;C:\Program Files\MATLAB\R2010a\runtime\win64;C:\Program Files\MATLAB\R2010a\bin;C:\Program Files\TortoiseSVN\bin;C:\Modeltech_6.3f\win32;C:\PROGRA~2\Aldec\ACTIVE~1.2SE\BIN;C:\Python26;C:\Program Files (x86)\QuickTime\QTSystem\;C:\Users\DruidNei\AppData\Roaming\MiKTeX\2.8\miktex\bin\;C:\Program Files (x86)\Nmap;C:\Modeltech_6.3f\win32
USERNAME=DruidNei
OS=Windows_NT
PROCESSOR_IDENTIFIER=Intel64 Family 6 Model 37 Stepping 2, GenuineIntel



---------------  S Y S T E M  ---------------

OS: Windows 7 Build 7600 

CPU:total 4 (2 cores per cpu, 2 threads per core) family 6 model 37 stepping 2, cmov, cx8, fxsr, mmx, sse, sse2, sse3, ssse3, sse4.1, sse4.2, popcnt, ht

Memory: 4k page, physical 4051480k(2155564k free), swap 8101060k(5429572k free)

vm_info: Java HotSpot(TM) Client VM (20.1-b02) for windows-x86 JRE (1.6.0_26-b03), built on May  4 2011 00:50:59 by "java_re" with MS VC++ 7.1 (VS2003)

time: Thu Jan 26 17:05:13 2012
elapsed time: 0 seconds

